

Microchip Technology PIC18 LITE Macro Assembler V1.41 build -162212810 
                                                                                               Sun Mar 05 13:28:55 2017

Microchip Technology Omniscient Code Generator v1.41 (Free mode) build 201701250102
     1                           	processor	18F2550
     2                           	fnconf	rparam,??,?,0
     3                           	opt	pw 120
     4                           	opt	lm
     5                           	psect	cinit,global,reloc=2,class=CODE,delta=1
     6                           	psect	cstackCOMRAM,global,class=COMRAM,space=1,delta=1,noexec
     7                           	psect	text0,global,reloc=2,class=CODE,delta=1
     8                           	psect	text1,global,reloc=2,class=CODE,delta=1
     9                           	psect	intsave_regs,global,class=BIGRAM,space=1,delta=1,noexec
    10                           	psect	rparam,global,class=COMRAM,space=1,delta=1,noexec
    11  0000                     
    12                           ; Version 1.41
    13                           ; Generated 25/01/2017 GMT
    14                           ; 
    15                           ; Copyright © 2017, Microchip Technology Inc. and its subsidiaries ("Microchip")
    16                           ; All rights reserved.
    17                           ; 
    18                           ; This software is developed by Microchip Technology Inc. and its subsidiaries ("Microch
      +                          ip").
    19                           ; 
    20                           ; Redistribution and use in source and binary forms, with or without modification, are
    21                           ; permitted provided that the following conditions are met:
    22                           ; 
    23                           ;     1. Redistributions of source code must retain the above copyright notice, this lis
      +                          t of
    24                           ;        conditions and the following disclaimer.
    25                           ; 
    26                           ;     2. Redistributions in binary form must reproduce the above copyright notice, this 
      +                          list
    27                           ;        of conditions and the following disclaimer in the documentation and/or other
    28                           ;        materials provided with the distribution.
    29                           ; 
    30                           ;     3. Microchip's name may not be used to endorse or promote products derived from th
      +                          is
    31                           ;        software without specific prior written permission.
    32                           ; 
    33                           ; THIS SOFTWARE IS PROVIDED BY MICROCHIP "AS IS" AND ANY EXPRESS OR IMPLIED WARRANTIES,
    34                           ; INCLUDING, BUT NOT LIMITED TO, THE IMPLIED WARRANTIES OF MERCHANTABILITY AND FITNESS F
      +                          OR
    35                           ; PURPOSE ARE DISCLAIMED.  IN NO EVENT SHALL MICROCHIP BE LIABLE FOR ANY DIRECT, INDIREC
      +                          T,
    36                           ; INCIDENTAL, SPECIAL, EXEMPLARY, OR CONSEQUENTIAL DAMAGES (INCLUDING BUT NOT LIMITED TO
    37                           ; PROCUREMENT OF SUBSTITUTE GOODS OR SERVICES; LOSS OF USE, DATA OR PROFITS; OR BUSINESS
    38                           ; INTERRUPTION) HOWSOEVER CAUSED AND ON ANY THEORY OF LIABILITY, WHETHER IN CONTRACT, ST
      +                          RICT
    39                           ; LIABILITY, OR TORT (INCLUDING NEGLIGENCE OR OTHERWISE) ARISING IN ANY WAY OUT OF THE U
      +                          SE OF
    40                           ; THIS SOFTWARE, EVEN IF ADVISED OF THE POSSIBILITY OF SUCH DAMAGE.
    41                           ; 
    42                           ; 
    43                           ; Code-generator required, PIC18F2550 Definitions
    44                           ; 
    45                           ; SFR Addresses
    46  0000                     _PORTC	set	3970
    47  0000                     _PORTB	set	3969
    48  0000                     _PORTA	set	3968
    49  0000                     _TRISC	set	3988
    50  0000                     _TRISB	set	3987
    51  0000                     _TRISA	set	3986
    52                           
    53                           ; #config settings
    54  0000                     
    55                           	psect	cinit
    56  007CD6                     __pcinit:
    57                           	opt stack 0
    58  007CD6                     start_initialization:
    59                           	opt stack 0
    60  007CD6                     __initialization:
    61                           	opt stack 0
    62  007CD6                     end_of_initialization:
    63                           	opt stack 0
    64  007CD6                     __end_of__initialization:
    65                           	opt stack 0
    66  007CD6  0100               	movlb	0
    67  007CD8  EF75  F03E         	goto	_main	;jump to C main() function
    68                           
    69                           	psect	cstackCOMRAM
    70  000000                     __pcstackCOMRAM:
    71                           	opt stack 0
    72  000000                     
    73                           ; 1 bytes @ 0x0
    74 ;;
    75 ;;Main: autosize = 0, tempsize = 0, incstack = 0, save=0
    76 ;;
    77 ;; *************** function _main *****************
    78 ;; Defined at:
    79 ;;		line 39 in file "main.c"
    80 ;; Parameters:    Size  Location     Type
    81 ;;		None
    82 ;; Auto vars:     Size  Location     Type
    83 ;;		None
    84 ;; Return value:  Size  Location     Type
    85 ;;                  1    wreg      void 
    86 ;; Registers used:
    87 ;;		wreg, status,2, cstack
    88 ;; Tracked objects:
    89 ;;		On entry : 0/0
    90 ;;		On exit  : 0/0
    91 ;;		Unchanged: 0/0
    92 ;; Data sizes:     COMRAM   BANK0   BANK1   BANK2   BANK3   BANK4   BANK5   BANK6   BANK7
    93 ;;      Params:         0       0       0       0       0       0       0       0       0
    94 ;;      Locals:         0       0       0       0       0       0       0       0       0
    95 ;;      Temps:          0       0       0       0       0       0       0       0       0
    96 ;;      Totals:         0       0       0       0       0       0       0       0       0
    97 ;;Total ram usage:        0 bytes
    98 ;; Hardware stack levels required when called:    1
    99 ;; This function calls:
   100 ;;		_initPIC
   101 ;; This function is called by:
   102 ;;		Startup code after reset
   103 ;; This function uses a non-reentrant model
   104 ;;
   105                           
   106                           	psect	text0
   107  007CEA                     __ptext0:
   108                           	opt stack 0
   109  007CEA                     _main:
   110                           	opt stack 30
   111                           
   112                           ;main.c: 41: initPIC();
   113                           
   114                           ;incstack = 0
   115  007CEA  EC6E  F03E         	call	_initPIC	;wreg free
   116                           
   117                           ;main.c: 43: PORTA = 0x00;
   118  007CEE  0E00               	movlw	0
   119  007CF0  6E80               	movwf	3968,c	;volatile
   120                           
   121                           ;main.c: 44: PORTB = 0x00;
   122  007CF2  0E00               	movlw	0
   123  007CF4  6E81               	movwf	3969,c	;volatile
   124                           
   125                           ;main.c: 45: PORTC = 0x00;
   126  007CF6  0E00               	movlw	0
   127  007CF8  6E82               	movwf	3970,c	;volatile
   128  007CFA                     l18:
   129                           
   130                           ;main.c: 51: {
   131  007CFA  D7FF               	goto	l18
   132  007CFC                     __end_of_main:
   133                           	opt stack 0
   134                           
   135 ;; *************** function _initPIC *****************
   136 ;; Defined at:
   137 ;;		line 18 in file "main.c"
   138 ;; Parameters:    Size  Location     Type
   139 ;;		None
   140 ;; Auto vars:     Size  Location     Type
   141 ;;		None
   142 ;; Return value:  Size  Location     Type
   143 ;;                  1    wreg      void 
   144 ;; Registers used:
   145 ;;		wreg, status,2
   146 ;; Tracked objects:
   147 ;;		On entry : 0/0
   148 ;;		On exit  : 0/0
   149 ;;		Unchanged: 0/0
   150 ;; Data sizes:     COMRAM   BANK0   BANK1   BANK2   BANK3   BANK4   BANK5   BANK6   BANK7
   151 ;;      Params:         0       0       0       0       0       0       0       0       0
   152 ;;      Locals:         0       0       0       0       0       0       0       0       0
   153 ;;      Temps:          0       0       0       0       0       0       0       0       0
   154 ;;      Totals:         0       0       0       0       0       0       0       0       0
   155 ;;Total ram usage:        0 bytes
   156 ;; Hardware stack levels used:    1
   157 ;; This function calls:
   158 ;;		Nothing
   159 ;; This function is called by:
   160 ;;		_main
   161 ;; This function uses a non-reentrant model
   162 ;;
   163                           
   164                           	psect	text1
   165  007CDC                     __ptext1:
   166                           	opt stack 0
   167  007CDC                     _initPIC:
   168                           	opt stack 30
   169                           
   170                           ;main.c: 20: TRISA = 0x0F;
   171                           
   172                           ;incstack = 0
   173  007CDC  0E0F               	movlw	15
   174  007CDE  6E92               	movwf	3986,c	;volatile
   175                           
   176                           ;main.c: 21: TRISB = 0x00;
   177  007CE0  0E00               	movlw	0
   178  007CE2  6E93               	movwf	3987,c	;volatile
   179                           
   180                           ;main.c: 22: TRISC = 0x07;
   181  007CE4  0E07               	movlw	7
   182  007CE6  6E94               	movwf	3988,c	;volatile
   183  007CE8  0012               	return		;funcret
   184  007CEA                     __end_of_initPIC:
   185                           	opt stack 0
   186  0000                     
   187                           	psect	rparam


Data Sizes:
    Strings     0
    Constant    0
    Data        0
    BSS         0
    Persistent  0
    Stack       0

Auto Spaces:
    Space          Size  Autos    Used
    COMRAM           95      0       0
    BANK0           160      0       0
    BANK1           256      0       0
    BANK2           256      0       0
    BANK3           256      0       0
    BANK4           256      0       0
    BANK5           256      0       0
    BANK6           256      0       0
    BANK7           256      0       0

Pointer List with Targets:

    None.

Critical Paths under _main in COMRAM

    None.

Critical Paths under _main in BANK0

    None.

Critical Paths under _main in BANK1

    None.

Critical Paths under _main in BANK2

    None.

Critical Paths under _main in BANK3

    None.

Critical Paths under _main in BANK4

    None.

Critical Paths under _main in BANK5

    None.

Critical Paths under _main in BANK6

    None.

Critical Paths under _main in BANK7

    None.

Call Graph Tables:

 ---------------------------------------------------------------------------------
 (Depth) Function   	        Calls       Base Space   Used Autos Params    Refs
 ---------------------------------------------------------------------------------
 (0) _main                                                 0     0      0       0
                            _initPIC
 ---------------------------------------------------------------------------------
 (1) _initPIC                                              0     0      0       0
 ---------------------------------------------------------------------------------
 Estimated maximum stack depth 1
 ---------------------------------------------------------------------------------

 Call Graph Graphs:

 _main (ROOT)
   _initPIC

 Address spaces:
Name               Size   Autos  Total    Cost      Usage
BITCOMRAM           5F      0       0       0        0.0%
EEDATA             100      0       0       0        0.0%
NULL                 0      0       0       0        0.0%
CODE                 0      0       0       0        0.0%
COMRAM              5F      0       0       1        0.0%
STACK                0      0       0       2        0.0%
DATA                 0      0       0       3        0.0%
BITBANK0            A0      0       0       4        0.0%
BANK0               A0      0       0       5        0.0%
BITBANK1           100      0       0       6        0.0%
BANK1              100      0       0       7        0.0%
BITBANK2           100      0       0       8        0.0%
BANK2              100      0       0       9        0.0%
BITBANK3           100      0       0      10        0.0%
BANK3              100      0       0      11        0.0%
BITBANK4           100      0       0      12        0.0%
BANK4              100      0       0      13        0.0%
BITBANK5           100      0       0      14        0.0%
BANK5              100      0       0      15        0.0%
BITBANK6           100      0       0      16        0.0%
BANK6              100      0       0      17        0.0%
BITBANK7           100      0       0      18        0.0%
BANK7              100      0       0      19        0.0%
ABS                  0      0       0      20        0.0%
BIGRAM             7FF      0       0      21        0.0%
BITSFR               0      0       0     200        0.0%
SFR                  0      0       0     200        0.0%


Microchip Technology PIC18 Macro Assembler V1.41 build -162212810 
Symbol Table                                                                                   Sun Mar 05 13:28:55 2017

                     l18 7CFA             __CFG_BOR$OFF 000000             __CFG_FOSC$HS 000000  
           __CFG_LVP$OFF 000000             __CFG_WDT$OFF 000000             __CFG_PWRT$ON 000000  
                   _main 7CEA                     start 0000            __CFG_MCLRE$ON 000000  
           ___param_bank 000000                    ?_main 0000                    _PORTA 000F80  
                  _PORTB 000F81                    _PORTC 000F82                    _TRISA 000F92  
                  _TRISB 000F93                    _TRISC 000F94          __end_of_initPIC 7CEA  
        __initialization 7CD6             __end_of_main 7CFC                   ??_main 0000  
          __activetblptr 000000                ??_initPIC 0000               __accesstop 0060  
__end_of__initialization 7CD6            ___rparam_used 000001           __pcstackCOMRAM 0000  
                __Hparam 0000                  __Lparam 0000                  __pcinit 7CD6  
                __ramtop 0800                  __ptext0 7CEA                  __ptext1 7CDC  
                _initPIC 7CDC     end_of_initialization 7CD6      start_initialization 7CD6  
               ?_initPIC 0000                 __Hrparam 0000                 __Lrparam 0000  
       __size_of_initPIC 000E            __size_of_main 0012  
